Arguments: 
  /usr/local/bin/node /home/ezra/.npm-global/bin/yarn publish

PATH: 
  /home/ezra/bin:/home/ezra/.local/bin:/home/ezra/.npm-global/bin:/home/ezra/bin:/home/ezra/.local/bin:/home/ezra/.npm-global/bin:/usr/local/sbin:/usr/local/bin:/usr/sbin:/usr/bin:/sbin:/bin:/usr/games:/usr/local/games:/snap/bin:~/bin:~/bin

Yarn version: 
  1.12.3

Node version: 
  11.0.0

Platform: 
  linux x64

Trace: 
  Error: canceled
      at Interface.<anonymous> (/home/ezra/.npm-global/lib/node_modules/yarn/lib/cli.js:125278:13)
      at Interface.emit (events.js:182:13)
      at Interface._ttyWrite (readline.js:783:16)
      at ReadStream.onkeypress (readline.js:168:10)
      at ReadStream.emit (events.js:182:13)
      at emitKeys (internal/readline.js:424:14)
      at emitKeys.next (<anonymous>)
      at ReadStream.onData (readline.js:1020:36)
      at ReadStream.emit (events.js:182:13)
      at addChunk (_stream_readable.js:283:12)

npm manifest: 
  {
    "name": "@ezraobiwale/vue-doo",
    "author": {
      "name": "Ezra Obiwale",
      "email": "contact@ezraobiwale.com"
    },
    "dependencies": {
      "axios": "^0.17.1",
      "hellojs": "^2.0.0-4",
      "sweetalert": "^2.1.0",
      "vue": "^2.5.13",
      "vue-social-sharing": "^2.3.3",
      "vue-toasted": "^1.1.24",
      "vuex": "^3.0.1",
      "vuex-persistedstate": "^2.4.2"
    },
    "bundleDependencies": [],
    "description": "Utility library for VueJS",
    "homepage": "https://github.com/ezra-obiwale/vue-utils#readme",
    "license": "MIT",
    "main": "index.js",
    "repository": {
      "type": "git",
      "url": "git+https://github.com/ezra-obiwale/vue-utils.git"
    },
    "scripts": {
      "install": "node install.js",
      "test": "echo \"Error: no test specified\" && exit 1"
    },
    "version": "3.1.2"
  }

yarn manifest: 
  No manifest

Lockfile: 
  # THIS IS AN AUTOGENERATED FILE. DO NOT EDIT THIS FILE DIRECTLY.
  # yarn lockfile v1
  
  
  arr-diff@^2.0.0:
    version "2.0.0"
    resolved "https://registry.yarnpkg.com/arr-diff/-/arr-diff-2.0.0.tgz#8f3b827f955a8bd669697e4a4256ac3ceae356cf"
    dependencies:
      arr-flatten "^1.0.1"
  
  arr-flatten@^1.0.1:
    version "1.1.0"
    resolved "https://registry.yarnpkg.com/arr-flatten/-/arr-flatten-1.1.0.tgz#36048bbff4e7b47e136644316c99669ea5ae91f1"
  
  array-unique@^0.2.1:
    version "0.2.1"
    resolved "https://registry.yarnpkg.com/array-unique/-/array-unique-0.2.1.tgz#a1d97ccafcbc2625cc70fadceb36a50c58b01a53"
  
  axios@^0.17.1:
    version "0.17.1"
    resolved "https://registry.yarnpkg.com/axios/-/axios-0.17.1.tgz#2d8e3e5d0bdbd7327f91bc814f5c57660f81824d"
    dependencies:
      follow-redirects "^1.2.5"
      is-buffer "^1.1.5"
  
  babel-polyfill@^6.23.0:
    version "6.26.0"
    resolved "https://registry.yarnpkg.com/babel-polyfill/-/babel-polyfill-6.26.0.tgz#379937abc67d7895970adc621f284cd966cf2153"
    dependencies:
      babel-runtime "^6.26.0"
      core-js "^2.5.0"
      regenerator-runtime "^0.10.5"
  
  babel-runtime@^6.26.0:
    version "6.26.0"
    resolved "https://registry.yarnpkg.com/babel-runtime/-/babel-runtime-6.26.0.tgz#965c7058668e82b55d7bfe04ff2337bc8b5647fe"
    dependencies:
      core-js "^2.4.0"
      regenerator-runtime "^0.11.0"
  
  braces@^1.8.2:
    version "1.8.5"
    resolved "https://registry.yarnpkg.com/braces/-/braces-1.8.5.tgz#ba77962e12dff969d6b76711e914b737857bf6a7"
    dependencies:
      expand-range "^1.8.1"
      preserve "^0.2.0"
      repeat-element "^1.1.2"
  
  core-js@^2.4.0, core-js@^2.5.0:
    version "2.5.7"
    resolved "https://registry.yarnpkg.com/core-js/-/core-js-2.5.7.tgz#f972608ff0cead68b841a16a932d0b183791814e"
  
  debug@^3.1.0:
    version "3.1.0"
    resolved "https://registry.yarnpkg.com/debug/-/debug-3.1.0.tgz#5bb5a0672628b64149566ba16819e61518c67261"
    dependencies:
      ms "2.0.0"
  
  es6-object-assign@^1.1.0:
    version "1.1.0"
    resolved "https://registry.yarnpkg.com/es6-object-assign/-/es6-object-assign-1.1.0.tgz#c2c3582656247c39ea107cb1e6652b6f9f24523c"
  
  estree-walker@^0.5.2:
    version "0.5.2"
    resolved "https://registry.yarnpkg.com/estree-walker/-/estree-walker-0.5.2.tgz#d3850be7529c9580d815600b53126515e146dd39"
  
  expand-brackets@^0.1.4:
    version "0.1.5"
    resolved "https://registry.yarnpkg.com/expand-brackets/-/expand-brackets-0.1.5.tgz#df07284e342a807cd733ac5af72411e581d1177b"
    dependencies:
      is-posix-bracket "^0.1.0"
  
  expand-range@^1.8.1:
    version "1.8.2"
    resolved "https://registry.yarnpkg.com/expand-range/-/expand-range-1.8.2.tgz#a299effd335fe2721ebae8e257ec79644fc85337"
    dependencies:
      fill-range "^2.1.0"
  
  extglob@^0.3.1:
    version "0.3.2"
    resolved "https://registry.yarnpkg.com/extglob/-/extglob-0.3.2.tgz#2e18ff3d2f49ab2765cec9023f011daa8d8349a1"
    dependencies:
      is-extglob "^1.0.0"
  
  filename-regex@^2.0.0:
    version "2.0.1"
    resolved "https://registry.yarnpkg.com/filename-regex/-/filename-regex-2.0.1.tgz#c1c4b9bee3e09725ddb106b75c1e301fe2f18b26"
  
  fill-range@^2.1.0:
    version "2.2.4"
    resolved "https://registry.yarnpkg.com/fill-range/-/fill-range-2.2.4.tgz#eb1e773abb056dcd8df2bfdf6af59b8b3a936565"
    dependencies:
      is-number "^2.1.0"
      isobject "^2.0.0"
      randomatic "^3.0.0"
      repeat-element "^1.1.2"
      repeat-string "^1.5.2"
  
  follow-redirects@^1.2.5:
    version "1.5.7"
    resolved "https://registry.yarnpkg.com/follow-redirects/-/follow-redirects-1.5.7.tgz#a39e4804dacb90202bca76a9e2ac10433ca6a69a"
    dependencies:
      debug "^3.1.0"
  
  for-in@^1.0.1:
    version "1.0.2"
    resolved "https://registry.yarnpkg.com/for-in/-/for-in-1.0.2.tgz#81068d295a8142ec0ac726c6e2200c30fb6d5e80"
  
  for-own@^0.1.4:
    version "0.1.5"
    resolved "https://registry.yarnpkg.com/for-own/-/for-own-0.1.5.tgz#5265c681a4f294dabbf17c9509b6763aa84510ce"
    dependencies:
      for-in "^1.0.1"
  
  glob-base@^0.3.0:
    version "0.3.0"
    resolved "https://registry.yarnpkg.com/glob-base/-/glob-base-0.3.0.tgz#dbb164f6221b1c0b1ccf82aea328b497df0ea3c4"
    dependencies:
      glob-parent "^2.0.0"
      is-glob "^2.0.0"
  
  glob-parent@^2.0.0:
    version "2.0.0"
    resolved "https://registry.yarnpkg.com/glob-parent/-/glob-parent-2.0.0.tgz#81383d72db054fcccf5336daa902f182f6edbb28"
    dependencies:
      is-glob "^2.0.0"
  
  hellojs@^2.0.0-4:
    version "2.0.0-4"
    resolved "https://registry.yarnpkg.com/hellojs/-/hellojs-2.0.0-4.tgz#81d8130334bd164edf7a323da113fee7c02a6a75"
    dependencies:
      babel-polyfill "^6.23.0"
      tricks "^1.7.0"
  
  immediate@~3.0.5:
    version "3.0.6"
    resolved "https://registry.yarnpkg.com/immediate/-/immediate-3.0.6.tgz#9db1dbd0faf8de6fbe0f5dd5e56bb606280de69b"
  
  is-buffer@^1.1.5:
    version "1.1.6"
    resolved "https://registry.yarnpkg.com/is-buffer/-/is-buffer-1.1.6.tgz#efaa2ea9daa0d7ab2ea13a97b2b8ad51fefbe8be"
  
  is-dotfile@^1.0.0:
    version "1.0.3"
    resolved "https://registry.yarnpkg.com/is-dotfile/-/is-dotfile-1.0.3.tgz#a6a2f32ffd2dfb04f5ca25ecd0f6b83cf798a1e1"
  
  is-equal-shallow@^0.1.3:
    version "0.1.3"
    resolved "https://registry.yarnpkg.com/is-equal-shallow/-/is-equal-shallow-0.1.3.tgz#2238098fc221de0bcfa5d9eac4c45d638aa1c534"
    dependencies:
      is-primitive "^2.0.0"
  
  is-extendable@^0.1.1:
    version "0.1.1"
    resolved "https://registry.yarnpkg.com/is-extendable/-/is-extendable-0.1.1.tgz#62b110e289a471418e3ec36a617d472e301dfc89"
  
  is-extglob@^1.0.0:
    version "1.0.0"
    resolved "https://registry.yarnpkg.com/is-extglob/-/is-extglob-1.0.0.tgz#ac468177c4943405a092fc8f29760c6ffc6206c0"
  
  is-glob@^2.0.0, is-glob@^2.0.1:
    version "2.0.1"
    resolved "https://registry.yarnpkg.com/is-glob/-/is-glob-2.0.1.tgz#d096f926a3ded5600f3fdfd91198cb0888c2d863"
    dependencies:
      is-extglob "^1.0.0"
  
  is-number@^2.1.0:
    version "2.1.0"
    resolved "https://registry.yarnpkg.com/is-number/-/is-number-2.1.0.tgz#01fcbbb393463a548f2f466cce16dece49db908f"
    dependencies:
      kind-of "^3.0.2"
  
  is-number@^4.0.0:
    version "4.0.0"
    resolved "https://registry.yarnpkg.com/is-number/-/is-number-4.0.0.tgz#0026e37f5454d73e356dfe6564699867c6a7f0ff"
  
  is-posix-bracket@^0.1.0:
    version "0.1.1"
    resolved "https://registry.yarnpkg.com/is-posix-bracket/-/is-posix-bracket-0.1.1.tgz#3334dc79774368e92f016e6fbc0a88f5cd6e6bc4"
  
  is-primitive@^2.0.0:
    version "2.0.0"
    resolved "https://registry.yarnpkg.com/is-primitive/-/is-primitive-2.0.0.tgz#207bab91638499c07b2adf240a41a87210034575"
  
  isarray@1.0.0:
    version "1.0.0"
    resolved "https://registry.yarnpkg.com/isarray/-/isarray-1.0.0.tgz#bb935d48582cba168c06834957a54a3e07124f11"
  
  isobject@^2.0.0:
    version "2.1.0"
    resolved "https://registry.yarnpkg.com/isobject/-/isobject-2.1.0.tgz#f065561096a3f1da2ef46272f815c840d87e0c89"
    dependencies:
      isarray "1.0.0"
  
  kind-of@^3.0.2:
    version "3.2.2"
    resolved "https://registry.yarnpkg.com/kind-of/-/kind-of-3.2.2.tgz#31ea21a734bab9bbb0f32466d893aea51e4a3c64"
    dependencies:
      is-buffer "^1.1.5"
  
  kind-of@^6.0.0:
    version "6.0.2"
    resolved "https://registry.yarnpkg.com/kind-of/-/kind-of-6.0.2.tgz#01146b36a6218e64e58f3a8d66de5d7fc6f6d051"
  
  lie@3.1.1:
    version "3.1.1"
    resolved "https://registry.yarnpkg.com/lie/-/lie-3.1.1.tgz#9a436b2cc7746ca59de7a41fa469b3efb76bd87e"
    dependencies:
      immediate "~3.0.5"
  
  localforage@^1.7.3:
    version "1.7.3"
    resolved "https://registry.yarnpkg.com/localforage/-/localforage-1.7.3.tgz#0082b3ca9734679e1bd534995bdd3b24cf10f204"
    dependencies:
      lie "3.1.1"
  
  math-random@^1.0.1:
    version "1.0.1"
    resolved "https://registry.yarnpkg.com/math-random/-/math-random-1.0.1.tgz#8b3aac588b8a66e4975e3cdea67f7bb329601fac"
  
  micromatch@^2.3.11:
    version "2.3.11"
    resolved "https://registry.yarnpkg.com/micromatch/-/micromatch-2.3.11.tgz#86677c97d1720b363431d04d0d15293bd38c1565"
    dependencies:
      arr-diff "^2.0.0"
      array-unique "^0.2.1"
      braces "^1.8.2"
      expand-brackets "^0.1.4"
      extglob "^0.3.1"
      filename-regex "^2.0.0"
      is-extglob "^1.0.0"
      is-glob "^2.0.1"
      kind-of "^3.0.2"
      normalize-path "^2.0.1"
      object.omit "^2.0.0"
      parse-glob "^3.0.4"
      regex-cache "^0.4.2"
  
  ms@2.0.0:
    version "2.0.0"
    resolved "https://registry.yarnpkg.com/ms/-/ms-2.0.0.tgz#5608aeadfc00be6c2901df5f9861788de0d597c8"
  
  normalize-path@^2.0.1:
    version "2.1.1"
    resolved "https://registry.yarnpkg.com/normalize-path/-/normalize-path-2.1.1.tgz#1ab28b556e198363a8c1a6f7e6fa20137fe6aed9"
    dependencies:
      remove-trailing-separator "^1.0.1"
  
  object.omit@^2.0.0:
    version "2.0.1"
    resolved "https://registry.yarnpkg.com/object.omit/-/object.omit-2.0.1.tgz#1a9c744829f39dbb858c76ca3579ae2a54ebd1fa"
    dependencies:
      for-own "^0.1.4"
      is-extendable "^0.1.1"
  
  parse-glob@^3.0.4:
    version "3.0.4"
    resolved "https://registry.yarnpkg.com/parse-glob/-/parse-glob-3.0.4.tgz#b2c376cfb11f35513badd173ef0bb6e3a388391c"
    dependencies:
      glob-base "^0.3.0"
      is-dotfile "^1.0.0"
      is-extglob "^1.0.0"
      is-glob "^2.0.0"
  
  preserve@^0.2.0:
    version "0.2.0"
    resolved "https://registry.yarnpkg.com/preserve/-/preserve-0.2.0.tgz#815ed1f6ebc65926f865b310c0713bcb3315ce4b"
  
  promise-polyfill@^6.0.2:
    version "6.1.0"
    resolved "https://registry.yarnpkg.com/promise-polyfill/-/promise-polyfill-6.1.0.tgz#dfa96943ea9c121fca4de9b5868cb39d3472e057"
  
  randomatic@^3.0.0:
    version "3.1.0"
    resolved "https://registry.yarnpkg.com/randomatic/-/randomatic-3.1.0.tgz#36f2ca708e9e567f5ed2ec01949026d50aa10116"
    dependencies:
      is-number "^4.0.0"
      kind-of "^6.0.0"
      math-random "^1.0.1"
  
  regenerator-runtime@^0.10.5:
    version "0.10.5"
    resolved "https://registry.yarnpkg.com/regenerator-runtime/-/regenerator-runtime-0.10.5.tgz#336c3efc1220adcedda2c9fab67b5a7955a33658"
  
  regenerator-runtime@^0.11.0:
    version "0.11.1"
    resolved "https://registry.yarnpkg.com/regenerator-runtime/-/regenerator-runtime-0.11.1.tgz#be05ad7f9bf7d22e056f9726cee5017fbf19e2e9"
  
  regex-cache@^0.4.2:
    version "0.4.4"
    resolved "https://registry.yarnpkg.com/regex-cache/-/regex-cache-0.4.4.tgz#75bdc58a2a1496cec48a12835bc54c8d562336dd"
    dependencies:
      is-equal-shallow "^0.1.3"
  
  remove-trailing-separator@^1.0.1:
    version "1.1.0"
    resolved "https://registry.yarnpkg.com/remove-trailing-separator/-/remove-trailing-separator-1.1.0.tgz#c24bce2a283adad5bc3f58e0d48249b92379d8ef"
  
  repeat-element@^1.1.2:
    version "1.1.3"
    resolved "https://registry.yarnpkg.com/repeat-element/-/repeat-element-1.1.3.tgz#782e0d825c0c5a3bb39731f84efee6b742e6b1ce"
  
  repeat-string@^1.5.2:
    version "1.6.1"
    resolved "https://registry.yarnpkg.com/repeat-string/-/repeat-string-1.6.1.tgz#8dcae470e1c88abc2d600fff4a776286da75e637"
  
  rollup-plugin-json@^2.1.0:
    version "2.3.1"
    resolved "https://registry.yarnpkg.com/rollup-plugin-json/-/rollup-plugin-json-2.3.1.tgz#9759d27f33dcd2c896de18b6235df162b88edd77"
    dependencies:
      rollup-pluginutils "^2.0.1"
  
  rollup-pluginutils@^2.0.1:
    version "2.3.1"
    resolved "https://registry.yarnpkg.com/rollup-pluginutils/-/rollup-pluginutils-2.3.1.tgz#760d185ccc237dedc12d7ae48c6bcd127b4892d0"
    dependencies:
      estree-walker "^0.5.2"
      micromatch "^2.3.11"
  
  sweetalert@^2.1.0:
    version "2.1.0"
    resolved "https://registry.yarnpkg.com/sweetalert/-/sweetalert-2.1.0.tgz#d605dec840058fa8ad4a1f7c2c8c194bc72c27fa"
    dependencies:
      es6-object-assign "^1.1.0"
      promise-polyfill "^6.0.2"
  
  tricks@^1.7.0:
    version "1.8.1"
    resolved "https://registry.yarnpkg.com/tricks/-/tricks-1.8.1.tgz#9c65cb833afb32de0ad9828119f061ec3f053c7d"
  
  vue-social-sharing@^2.3.3:
    version "2.3.3"
    resolved "https://registry.yarnpkg.com/vue-social-sharing/-/vue-social-sharing-2.3.3.tgz#8d23e50923c71e0ae24188108c21836934cf5670"
    dependencies:
      rollup-plugin-json "^2.1.0"
  
  vue-toasted@^1.1.24:
    version "1.1.24"
    resolved "https://registry.yarnpkg.com/vue-toasted/-/vue-toasted-1.1.24.tgz#715a371dfa490cc710ffedaaeae61fd8a8c4f7ad"
  
  vue@^2.5.13:
    version "2.5.17"
    resolved "https://registry.yarnpkg.com/vue/-/vue-2.5.17.tgz#0f8789ad718be68ca1872629832ed533589c6ada"
  
  vuelidate@^0.6.2:
    version "0.6.2"
    resolved "https://registry.yarnpkg.com/vuelidate/-/vuelidate-0.6.2.tgz#b417f5367407b047a2548119b25db56fe2bd5753"
  
  vuex@^3.0.1:
    version "3.0.1"
    resolved "https://registry.yarnpkg.com/vuex/-/vuex-3.0.1.tgz#e761352ebe0af537d4bb755a9b9dc4be3df7efd2"
